

Started GET "/" for ::1 at 2015-03-04 12:38:32 -0500
Processing by RepositoriesController#index as HTML
  Rendered repositories/index.html.erb within layouts/application (1.4ms)
Completed 200 OK in 4607ms (Views: 4599.7ms | ActiveRecord: 0.0ms)


Started GET "/" for ::1 at 2015-03-04 12:38:36 -0500
Processing by RepositoriesController#index as HTML
  Rendered repositories/index.html.erb within layouts/application (0.0ms)
Completed 200 OK in 73ms (Views: 72.1ms | ActiveRecord: 0.0ms)


Started GET "/assets/repositories-5f677a42a7d09db80b49733afa6dc417.css?body=1" for ::1 at 2015-03-04 12:38:36 -0500


Started GET "/assets/application-af6b0ff2f732a76bf087e22dec017d60.css?body=1" for ::1 at 2015-03-04 12:38:36 -0500


Started GET "/assets/vendor/modernizr-ab036539ab2eac66b636accb8d06d77b.js?body=1" for ::1 at 2015-03-04 12:38:37 -0500


Started GET "/assets/jquery-87424c3c19e96d4fb033c10ebe21ec40.js?body=1" for ::1 at 2015-03-04 12:38:37 -0500


Started GET "/assets/foundation_and_overrides-c4699fc17b76b8621dc2374021759ddc.css?body=1" for ::1 at 2015-03-04 12:38:37 -0500


Started GET "/assets/foundation/foundation-013a9ecfcbd0d277665f83c66e076e18.js?body=1" for ::1 at 2015-03-04 12:38:37 -0500


Started GET "/assets/jquery_ujs-e27bd20a10d28155845a22d71ef94f2f.js?body=1" for ::1 at 2015-03-04 12:38:37 -0500


Started GET "/assets/foundation/foundation.abide-cecd3b8dfdb9535c145e3160cca57cae.js?body=1" for ::1 at 2015-03-04 12:38:37 -0500


Started GET "/assets/foundation/foundation.accordion-07d483c126d868809345e4abbcfd54a5.js?body=1" for ::1 at 2015-03-04 12:38:37 -0500


Started GET "/assets/foundation/foundation.alert-e54c2d9000574a39e07b2e6ede6ae0f6.js?body=1" for ::1 at 2015-03-04 12:38:37 -0500


Started GET "/assets/foundation/foundation.clearing-b0828edefaad3278cd85c2faf6fd20ef.js?body=1" for ::1 at 2015-03-04 12:38:37 -0500


Started GET "/assets/foundation/foundation.dropdown-c6b22cf8e5474c59dc0bc19e2d290da5.js?body=1" for ::1 at 2015-03-04 12:38:37 -0500


Started GET "/assets/foundation/foundation.interchange-adf4ca4cb9a1f36677701d7d06489ead.js?body=1" for ::1 at 2015-03-04 12:38:37 -0500


Started GET "/assets/foundation/foundation.joyride-7f23c30298ef55f2db505f357bd4a799.js?body=1" for ::1 at 2015-03-04 12:38:37 -0500


Started GET "/assets/foundation/foundation.magellan-8cd3c13f48f6d78fb172bb5200551918.js?body=1" for ::1 at 2015-03-04 12:38:37 -0500


Started GET "/assets/foundation/foundation.offcanvas-0c2112e52f2de840e27058c4912dd869.js?body=1" for ::1 at 2015-03-04 12:38:37 -0500


Started GET "/assets/foundation/foundation.orbit-925ec65dcf6be03dd5c7a1d472845b27.js?body=1" for ::1 at 2015-03-04 12:38:37 -0500


Started GET "/assets/foundation/foundation.reveal-7bd8d9ca180151af16ff7678033f8212.js?body=1" for ::1 at 2015-03-04 12:38:37 -0500


Started GET "/assets/foundation/foundation.slider-66a6fcccc01097ba84b9e9fb84a429ef.js?body=1" for ::1 at 2015-03-04 12:38:37 -0500


Started GET "/assets/foundation/foundation.tab-0d9dd6504af28bc75bdb999fbb120872.js?body=1" for ::1 at 2015-03-04 12:38:37 -0500


Started GET "/assets/foundation/foundation.tooltip-5214a0ecffb0be84dc9247c31455ef50.js?body=1" for ::1 at 2015-03-04 12:38:37 -0500


Started GET "/assets/foundation/foundation.topbar-ba04adaaf787a047a2bc9195842bb938.js?body=1" for ::1 at 2015-03-04 12:38:37 -0500


Started GET "/assets/foundation/foundation.equalizer-b93ba11c4146c58dd7d95ba14769e640.js?body=1" for ::1 at 2015-03-04 12:38:37 -0500


Started GET "/assets/foundation-cf9c2be01a146b330f05b712f6779903.js?body=1" for ::1 at 2015-03-04 12:38:37 -0500


Started GET "/assets/turbolinks-f87b3583ca50adb0488b031297f5580d.js?body=1" for ::1 at 2015-03-04 12:38:37 -0500


Started GET "/assets/repositories-fcec5b5a277ac7c20cc9f45a209a3bcd.js?body=1" for ::1 at 2015-03-04 12:38:37 -0500


Started GET "/assets/application-174e71b603f3fdcfb2dc1b71a094e20a.js?body=1" for ::1 at 2015-03-04 12:38:37 -0500


Started GET "/repositories/index" for ::1 at 2015-03-04 12:38:43 -0500
Processing by RepositoriesController#show as HTML
  Parameters: {"username"=>"index"}
  Rendered repositories/_repo.html.erb (85.9ms)
  Rendered repositories/_repo.html.erb (0.2ms)
  Rendered repositories/_repo.html.erb (0.1ms)
  Rendered repositories/_repo.html.erb (0.1ms)
  Rendered repositories/_repo.html.erb (0.1ms)
  Rendered repositories/_repo.html.erb (0.1ms)
  Rendered repositories/_repo.html.erb (0.1ms)
  Rendered repositories/_repo.html.erb (0.1ms)
  Rendered repositories/_repo.html.erb (0.1ms)
  Rendered repositories/_repo.html.erb (0.1ms)
  Rendered repositories/_repo.html.erb (0.1ms)
  Rendered repositories/_repo.html.erb (0.1ms)
  Rendered repositories/_repo.html.erb (0.1ms)
  Rendered repositories/_repo.html.erb (0.1ms)
  Rendered repositories/_repo.html.erb (0.1ms)
  Rendered repositories/_repo.html.erb (0.1ms)
  Rendered repositories/_repo.html.erb (0.1ms)
  Rendered repositories/_repo.html.erb (0.1ms)
  Rendered repositories/_repo.html.erb (0.1ms)
  Rendered repositories/_repo.html.erb (0.1ms)
  Rendered repositories/_repo.html.erb (0.1ms)
  Rendered repositories/_repo.html.erb (0.1ms)
  Rendered repositories/_repo.html.erb (0.1ms)
  Rendered repositories/_repo.html.erb (0.1ms)
  Rendered repositories/_repo.html.erb (0.1ms)
  Rendered repositories/_repo.html.erb (0.1ms)
  Rendered repositories/_repo.html.erb (0.2ms)
  Rendered repositories/_repo.html.erb (0.1ms)
  Rendered repositories/_repo.html.erb (0.1ms)
  Rendered repositories/_repo.html.erb (0.1ms)
  Rendered repositories/show.html.erb within layouts/application (118.1ms)
Completed 200 OK in 1718ms (Views: 187.5ms | ActiveRecord: 0.0ms)


Started GET "/assets/foundation_and_overrides-c4699fc17b76b8621dc2374021759ddc.css?body=1" for ::1 at 2015-03-04 12:38:45 -0500


Started GET "/assets/jquery-87424c3c19e96d4fb033c10ebe21ec40.js?body=1" for ::1 at 2015-03-04 12:38:45 -0500


Started GET "/assets/vendor/modernizr-ab036539ab2eac66b636accb8d06d77b.js?body=1" for ::1 at 2015-03-04 12:38:45 -0500


Started GET "/assets/jquery_ujs-e27bd20a10d28155845a22d71ef94f2f.js?body=1" for ::1 at 2015-03-04 12:38:45 -0500


Started GET "/assets/foundation/foundation.abide-cecd3b8dfdb9535c145e3160cca57cae.js?body=1" for ::1 at 2015-03-04 12:38:45 -0500


Started GET "/assets/foundation/foundation-013a9ecfcbd0d277665f83c66e076e18.js?body=1" for ::1 at 2015-03-04 12:38:45 -0500


Started GET "/assets/foundation/foundation.accordion-07d483c126d868809345e4abbcfd54a5.js?body=1" for ::1 at 2015-03-04 12:38:45 -0500


Started GET "/assets/foundation/foundation.clearing-b0828edefaad3278cd85c2faf6fd20ef.js?body=1" for ::1 at 2015-03-04 12:38:45 -0500


Started GET "/assets/foundation/foundation.alert-e54c2d9000574a39e07b2e6ede6ae0f6.js?body=1" for ::1 at 2015-03-04 12:38:45 -0500


Started GET "/assets/foundation/foundation.dropdown-c6b22cf8e5474c59dc0bc19e2d290da5.js?body=1" for ::1 at 2015-03-04 12:38:45 -0500


Started GET "/assets/foundation/foundation.interchange-adf4ca4cb9a1f36677701d7d06489ead.js?body=1" for ::1 at 2015-03-04 12:38:45 -0500


Started GET "/assets/foundation/foundation.joyride-7f23c30298ef55f2db505f357bd4a799.js?body=1" for ::1 at 2015-03-04 12:38:45 -0500


Started GET "/assets/foundation/foundation.magellan-8cd3c13f48f6d78fb172bb5200551918.js?body=1" for ::1 at 2015-03-04 12:38:45 -0500


Started GET "/assets/foundation/foundation.offcanvas-0c2112e52f2de840e27058c4912dd869.js?body=1" for ::1 at 2015-03-04 12:38:45 -0500


Started GET "/assets/foundation/foundation.orbit-925ec65dcf6be03dd5c7a1d472845b27.js?body=1" for ::1 at 2015-03-04 12:38:45 -0500


Started GET "/assets/foundation/foundation.reveal-7bd8d9ca180151af16ff7678033f8212.js?body=1" for ::1 at 2015-03-04 12:38:45 -0500


Started GET "/assets/foundation/foundation.slider-66a6fcccc01097ba84b9e9fb84a429ef.js?body=1" for ::1 at 2015-03-04 12:38:45 -0500


Started GET "/assets/foundation/foundation.tab-0d9dd6504af28bc75bdb999fbb120872.js?body=1" for ::1 at 2015-03-04 12:38:45 -0500


Started GET "/assets/foundation/foundation.topbar-ba04adaaf787a047a2bc9195842bb938.js?body=1" for ::1 at 2015-03-04 12:38:45 -0500


Started GET "/assets/foundation/foundation.tooltip-5214a0ecffb0be84dc9247c31455ef50.js?body=1" for ::1 at 2015-03-04 12:38:45 -0500


Started GET "/assets/foundation-cf9c2be01a146b330f05b712f6779903.js?body=1" for ::1 at 2015-03-04 12:38:45 -0500


Started GET "/assets/foundation/foundation.equalizer-b93ba11c4146c58dd7d95ba14769e640.js?body=1" for ::1 at 2015-03-04 12:38:45 -0500


Started GET "/assets/repositories-fcec5b5a277ac7c20cc9f45a209a3bcd.js?body=1" for ::1 at 2015-03-04 12:38:45 -0500


Started GET "/assets/turbolinks-f87b3583ca50adb0488b031297f5580d.js?body=1" for ::1 at 2015-03-04 12:38:45 -0500


Started GET "/assets/application-174e71b603f3fdcfb2dc1b71a094e20a.js?body=1" for ::1 at 2015-03-04 12:38:45 -0500


Started GET "/repositories/tmidge" for ::1 at 2015-03-04 12:38:49 -0500
Processing by RepositoriesController#show as HTML
  Parameters: {"username"=>"tmidge"}
  Rendered repositories/_repo.html.erb (0.2ms)
  Rendered repositories/_repo.html.erb (0.2ms)
  Rendered repositories/_repo.html.erb (0.2ms)
  Rendered repositories/_repo.html.erb (0.3ms)
  Rendered repositories/_repo.html.erb (0.3ms)
  Rendered repositories/_repo.html.erb (0.2ms)
  Rendered repositories/_repo.html.erb (0.2ms)
  Rendered repositories/_repo.html.erb (0.2ms)
  Rendered repositories/_repo.html.erb (0.2ms)
  Rendered repositories/_repo.html.erb (0.2ms)
  Rendered repositories/_repo.html.erb (0.2ms)
  Rendered repositories/_repo.html.erb (0.1ms)
  Rendered repositories/_repo.html.erb (0.1ms)
  Rendered repositories/_repo.html.erb (0.1ms)
  Rendered repositories/_repo.html.erb (0.1ms)
  Rendered repositories/_repo.html.erb (0.1ms)
  Rendered repositories/_repo.html.erb (0.1ms)
  Rendered repositories/_repo.html.erb (0.1ms)
  Rendered repositories/_repo.html.erb (0.1ms)
  Rendered repositories/_repo.html.erb (0.1ms)
  Rendered repositories/show.html.erb within layouts/application (21.2ms)
Completed 200 OK in 1007ms (Views: 95.0ms | ActiveRecord: 0.0ms)


Started GET "/assets/foundation_and_overrides-c4699fc17b76b8621dc2374021759ddc.css?body=1" for ::1 at 2015-03-04 12:38:50 -0500


Started GET "/assets/foundation/foundation.abide-cecd3b8dfdb9535c145e3160cca57cae.js?body=1" for ::1 at 2015-03-04 12:38:50 -0500


Started GET "/assets/jquery_ujs-e27bd20a10d28155845a22d71ef94f2f.js?body=1" for ::1 at 2015-03-04 12:38:50 -0500


Started GET "/assets/vendor/modernizr-ab036539ab2eac66b636accb8d06d77b.js?body=1" for ::1 at 2015-03-04 12:38:50 -0500


Started GET "/assets/jquery-87424c3c19e96d4fb033c10ebe21ec40.js?body=1" for ::1 at 2015-03-04 12:38:50 -0500


Started GET "/assets/foundation/foundation.accordion-07d483c126d868809345e4abbcfd54a5.js?body=1" for ::1 at 2015-03-04 12:38:50 -0500


Started GET "/assets/foundation/foundation-013a9ecfcbd0d277665f83c66e076e18.js?body=1" for ::1 at 2015-03-04 12:38:50 -0500


Started GET "/assets/foundation/foundation.alert-e54c2d9000574a39e07b2e6ede6ae0f6.js?body=1" for ::1 at 2015-03-04 12:38:50 -0500


Started GET "/assets/foundation/foundation.clearing-b0828edefaad3278cd85c2faf6fd20ef.js?body=1" for ::1 at 2015-03-04 12:38:50 -0500


Started GET "/assets/foundation/foundation.dropdown-c6b22cf8e5474c59dc0bc19e2d290da5.js?body=1" for ::1 at 2015-03-04 12:38:50 -0500


Started GET "/assets/foundation/foundation.interchange-adf4ca4cb9a1f36677701d7d06489ead.js?body=1" for ::1 at 2015-03-04 12:38:50 -0500


Started GET "/assets/foundation/foundation.magellan-8cd3c13f48f6d78fb172bb5200551918.js?body=1" for ::1 at 2015-03-04 12:38:50 -0500


Started GET "/assets/foundation/foundation.joyride-7f23c30298ef55f2db505f357bd4a799.js?body=1" for ::1 at 2015-03-04 12:38:50 -0500


Started GET "/assets/foundation/foundation.offcanvas-0c2112e52f2de840e27058c4912dd869.js?body=1" for ::1 at 2015-03-04 12:38:50 -0500


Started GET "/assets/foundation/foundation.orbit-925ec65dcf6be03dd5c7a1d472845b27.js?body=1" for ::1 at 2015-03-04 12:38:50 -0500


Started GET "/assets/foundation/foundation.reveal-7bd8d9ca180151af16ff7678033f8212.js?body=1" for ::1 at 2015-03-04 12:38:50 -0500


Started GET "/assets/foundation/foundation.slider-66a6fcccc01097ba84b9e9fb84a429ef.js?body=1" for ::1 at 2015-03-04 12:38:50 -0500


Started GET "/assets/foundation/foundation.tab-0d9dd6504af28bc75bdb999fbb120872.js?body=1" for ::1 at 2015-03-04 12:38:50 -0500


Started GET "/assets/foundation/foundation.tooltip-5214a0ecffb0be84dc9247c31455ef50.js?body=1" for ::1 at 2015-03-04 12:38:50 -0500


Started GET "/assets/foundation/foundation.equalizer-b93ba11c4146c58dd7d95ba14769e640.js?body=1" for ::1 at 2015-03-04 12:38:50 -0500


Started GET "/assets/foundation/foundation.topbar-ba04adaaf787a047a2bc9195842bb938.js?body=1" for ::1 at 2015-03-04 12:38:50 -0500


Started GET "/assets/foundation-cf9c2be01a146b330f05b712f6779903.js?body=1" for ::1 at 2015-03-04 12:38:50 -0500


Started GET "/assets/turbolinks-f87b3583ca50adb0488b031297f5580d.js?body=1" for ::1 at 2015-03-04 12:38:50 -0500


Started GET "/assets/repositories-fcec5b5a277ac7c20cc9f45a209a3bcd.js?body=1" for ::1 at 2015-03-04 12:38:50 -0500


Started GET "/assets/application-174e71b603f3fdcfb2dc1b71a094e20a.js?body=1" for ::1 at 2015-03-04 12:38:50 -0500
